Build started 14/07/2014 17:19:02.
     1>Project "c:\Users\mustafa\documents\visual studio 2010\Projects\DigitalForensicsVisualisation\DigitalForensicsVisualisation\DigitalForensicsVisualisation.vcxproj" on node 2 (build target(s)).
     1>InitializeBuildStatus:
         Touching "obj\Debug\DigitalForensicsVisualisation.unsuccessfulbuild".
       ClCompile:
         All outputs are up-to-date.
       ResourceCompile:
         All outputs are up-to-date.
       ManifestResourceCompile:
         All outputs are up-to-date.
       Link:
         C:\Program Files (x86)\Microsoft Visual Studio 10.0\VC\bin\link.exe /ERRORREPORT:PROMPT /OUT:"bin\Debug\\DigitalForensicsVisualisation.exe" /INCREMENTAL /NOLOGO /LIBPATH:"C:/OgreSDK_vc10_v1-8-1\lib\debug" /LIBPATH:"C:/OgreSDK_vc10_v1-8-1\boost\lib" OgreMain_d.lib OIS_d.lib kernel32.lib user32.lib gdi32.lib winspool.lib comdlg32.lib Leap.lib Leapd.lib OgreTerrain_d.lib kernel32.lib user32.lib gdi32.lib winspool.lib comdlg32.lib advapi32.lib shell32.lib ole32.lib oleaut32.lib uuid.lib odbc32.lib odbccp32.lib /MANIFEST /ManifestFile:"obj\Debug\DigitalForensicsVisualisation.exe.intermediate.manifest" /MANIFESTUAC:"level='asInvoker' uiAccess='false'" /DEBUG /PDB:"bin\Debug\/DigitalForensicsVisualisation.pdb" /SUBSYSTEM:WINDOWS /TLBID:1 /DYNAMICBASE /NXCOMPAT /IMPLIB:"bin\Debug\DigitalForensicsVisualisation.lib" /MACHINE:X86 obj\Debug\DigitalForensicsVisualisation.res
         obj\Debug\DigitalForensicsVisualisation.exe.embed.manifest.res
         obj\Debug\BaseApplication.obj
         obj\Debug\DigitalForensicsVisualisation.obj
       Manifest:
         C:\Program Files (x86)\Microsoft SDKs\Windows\v7.0A\bin\mt.exe /nologo /verbose /out:"obj\Debug\DigitalForensicsVisualisation.exe.embed.manifest" /manifest obj\Debug\DigitalForensicsVisualisation.exe.intermediate.manifest
         All outputs are up-to-date.
       LinkEmbedManifest:
         All outputs are up-to-date.
         DigitalForensicsVisualisation.vcxproj -> c:\Users\mustafa\documents\visual studio 2010\Projects\DigitalForensicsVisualisation\DigitalForensicsVisualisation\bin\Debug\DigitalForensicsVisualisation.exe
       PostBuildEvent:
         Description: Copying exe to samples bin directory ...
         copy "bin\Debug\\DigitalForensicsVisualisation.exe" "C:/OgreSDK_vc10_v1-8-1\Bin\Debug"
         :VCEnd
                 1 file(s) copied.
       FinalizeBuildStatus:
         Deleting file "obj\Debug\DigitalForensicsVisualisation.unsuccessfulbuild".
         Touching "obj\Debug\DigitalForensicsVisualisation.lastbuildstate".
     1>Done Building Project "c:\Users\mustafa\documents\visual studio 2010\Projects\DigitalForensicsVisualisation\DigitalForensicsVisualisation\DigitalForensicsVisualisation.vcxproj" (build target(s)).

Build succeeded.

Time Elapsed 00:00:00.53
